D:\T3DLEARN\四十二章经\FIRSTLEVEL\DEBUG\C++ENTRY.EXE
D:\T3DLEARN\四十二章经\FIRSTLEVEL\DEBUG\C++ENTRY.ILK
D:\T3DLEARN\四十二章经\FIRSTLEVEL\DEBUG\C++ENTRY.PDB
D:\T3DLEARN\四十二章经\FIRSTLEVEL\FIRSTLEVEL\DEBUG\C++ENTRY.EXE.EMBED.MANIFEST
D:\T3DLEARN\四十二章经\FIRSTLEVEL\FIRSTLEVEL\DEBUG\C++ENTRY.EXE.EMBED.MANIFEST.RES
D:\T3DLEARN\四十二章经\FIRSTLEVEL\FIRSTLEVEL\DEBUG\C++ENTRY.EXE.INTERMEDIATE.MANIFEST
D:\T3DLEARN\四十二章经\FIRSTLEVEL\FIRSTLEVEL\DEBUG\C++ENTRY.PCH
D:\T3DLearn\四十二章经\FirstLevel\FirstLevel\Debug\C++Entry.write.1.tlog
D:\T3DLearn\四十二章经\FirstLevel\FirstLevel\Debug\C++Entry_manifest.rc
D:\T3DLearn\四十二章经\FirstLevel\FirstLevel\Debug\cl.command.1.tlog
D:\T3DLearn\四十二章经\FirstLevel\FirstLevel\Debug\CL.read.1.tlog
D:\T3DLearn\四十二章经\FirstLevel\FirstLevel\Debug\CL.write.1.tlog
D:\T3DLEARN\四十二章经\FIRSTLEVEL\FIRSTLEVEL\DEBUG\FIRSTLEVEL.OBJ
D:\T3DLearn\四十二章经\FirstLevel\FirstLevel\Debug\link.10164.read.1.tlog
D:\T3DLearn\四十二章经\FirstLevel\FirstLevel\Debug\link.10164.write.1.tlog
D:\T3DLearn\四十二章经\FirstLevel\FirstLevel\Debug\link.10164-cvtres.read.1.tlog
D:\T3DLearn\四十二章经\FirstLevel\FirstLevel\Debug\link.10164-cvtres.write.1.tlog
D:\T3DLearn\四十二章经\FirstLevel\FirstLevel\Debug\link.command.1.tlog
D:\T3DLearn\四十二章经\FirstLevel\FirstLevel\Debug\link.read.1.tlog
D:\T3DLearn\四十二章经\FirstLevel\FirstLevel\Debug\link.write.1.tlog
D:\T3DLearn\四十二章经\FirstLevel\FirstLevel\Debug\link-cvtres.read.1.tlog
D:\T3DLearn\四十二章经\FirstLevel\FirstLevel\Debug\link-cvtres.write.1.tlog
D:\T3DLearn\四十二章经\FirstLevel\FirstLevel\Debug\mt.command.1.tlog
D:\T3DLearn\四十二章经\FirstLevel\FirstLevel\Debug\mt.read.1.tlog
D:\T3DLearn\四十二章经\FirstLevel\FirstLevel\Debug\mt.write.1.tlog
D:\T3DLearn\四十二章经\FirstLevel\FirstLevel\Debug\rc.command.1.tlog
D:\T3DLearn\四十二章经\FirstLevel\FirstLevel\Debug\rc.read.1.tlog
D:\T3DLearn\四十二章经\FirstLevel\FirstLevel\Debug\rc.write.1.tlog
D:\T3DLEARN\四十二章经\FIRSTLEVEL\FIRSTLEVEL\DEBUG\STDAFX.OBJ
D:\T3DLearn\四十二章经\FirstLevel\FirstLevel\Debug\vc100.idb
D:\T3DLEARN\四十二章经\FIRSTLEVEL\FIRSTLEVEL\DEBUG\VC100.PDB
