G:\BACKUP\DOS\FIRSTLEVEL\DEBUG\FIRSTLEVEL.EXE
G:\BACKUP\DOS\FIRSTLEVEL\DEBUG\FIRSTLEVEL.ILK
G:\BACKUP\DOS\FIRSTLEVEL\DEBUG\FIRSTLEVEL.PDB
G:\Backup\DOS\FirstLevel\FirstLevel\Debug\cl.command.1.tlog
G:\Backup\DOS\FirstLevel\FirstLevel\Debug\CL.read.1.tlog
G:\Backup\DOS\FirstLevel\FirstLevel\Debug\CL.write.1.tlog
G:\BACKUP\DOS\FIRSTLEVEL\FIRSTLEVEL\DEBUG\FIRSTLEVEL.EXE.EMBED.MANIFEST
G:\BACKUP\DOS\FIRSTLEVEL\FIRSTLEVEL\DEBUG\FIRSTLEVEL.EXE.EMBED.MANIFEST.RES
G:\BACKUP\DOS\FIRSTLEVEL\FIRSTLEVEL\DEBUG\FIRSTLEVEL.EXE.INTERMEDIATE.MANIFEST
G:\BACKUP\DOS\FIRSTLEVEL\FIRSTLEVEL\DEBUG\FIRSTLEVEL.OBJ
G:\BACKUP\DOS\FIRSTLEVEL\FIRSTLEVEL\DEBUG\FIRSTLEVEL.PCH
G:\Backup\DOS\FirstLevel\FirstLevel\Debug\FirstLevel_manifest.rc
G:\Backup\DOS\FirstLevel\FirstLevel\Debug\link.2192.read.1.tlog
G:\Backup\DOS\FirstLevel\FirstLevel\Debug\link.2192.write.1.tlog
G:\Backup\DOS\FirstLevel\FirstLevel\Debug\link.2192-cvtres.read.1.tlog
G:\Backup\DOS\FirstLevel\FirstLevel\Debug\link.2192-cvtres.write.1.tlog
G:\Backup\DOS\FirstLevel\FirstLevel\Debug\link.3152.read.1.tlog
G:\Backup\DOS\FirstLevel\FirstLevel\Debug\link.3152.write.1.tlog
G:\Backup\DOS\FirstLevel\FirstLevel\Debug\link.3152-cvtres.read.1.tlog
G:\Backup\DOS\FirstLevel\FirstLevel\Debug\link.3152-cvtres.write.1.tlog
G:\Backup\DOS\FirstLevel\FirstLevel\Debug\link.3240.read.1.tlog
G:\Backup\DOS\FirstLevel\FirstLevel\Debug\link.3240.write.1.tlog
G:\Backup\DOS\FirstLevel\FirstLevel\Debug\link.3240-cvtres.read.1.tlog
G:\Backup\DOS\FirstLevel\FirstLevel\Debug\link.3240-cvtres.write.1.tlog
G:\Backup\DOS\FirstLevel\FirstLevel\Debug\link.3760.read.1.tlog
G:\Backup\DOS\FirstLevel\FirstLevel\Debug\link.3760.write.1.tlog
G:\Backup\DOS\FirstLevel\FirstLevel\Debug\link.3760-cvtres.read.1.tlog
G:\Backup\DOS\FirstLevel\FirstLevel\Debug\link.3760-cvtres.write.1.tlog
G:\Backup\DOS\FirstLevel\FirstLevel\Debug\link.command.1.tlog
G:\Backup\DOS\FirstLevel\FirstLevel\Debug\link.read.1.tlog
G:\Backup\DOS\FirstLevel\FirstLevel\Debug\link.write.1.tlog
G:\Backup\DOS\FirstLevel\FirstLevel\Debug\link-cvtres.read.1.tlog
G:\Backup\DOS\FirstLevel\FirstLevel\Debug\link-cvtres.write.1.tlog
G:\Backup\DOS\FirstLevel\FirstLevel\Debug\mt.command.1.tlog
G:\Backup\DOS\FirstLevel\FirstLevel\Debug\mt.read.1.tlog
G:\Backup\DOS\FirstLevel\FirstLevel\Debug\mt.write.1.tlog
G:\Backup\DOS\FirstLevel\FirstLevel\Debug\rc.command.1.tlog
G:\Backup\DOS\FirstLevel\FirstLevel\Debug\rc.read.1.tlog
G:\Backup\DOS\FirstLevel\FirstLevel\Debug\rc.write.1.tlog
G:\BACKUP\DOS\FIRSTLEVEL\FIRSTLEVEL\DEBUG\STDAFX.OBJ
G:\Backup\DOS\FirstLevel\FirstLevel\Debug\vc100.idb
G:\BACKUP\DOS\FIRSTLEVEL\FIRSTLEVEL\DEBUG\VC100.PDB
